11/25/2025 11:27:09 PM: INFO: ************* Test_001_Login ************
11/25/2025 11:27:09 PM: INFO: ************* Verifying Home Page Title ************
11/25/2025 11:27:11 PM: INFO: ************* Home Page Title test is passed ************
11/25/2025 11:27:14 PM: INFO: ************* Verifying Login Test ************
11/25/2025 11:27:23 PM: INFO: ************* Login Test is passed ************
11/25/2025 11:28:07 PM: INFO: ************* Test_001_Login ************
11/25/2025 11:28:07 PM: INFO: ************* Verifying Home Page Title ************
11/25/2025 11:28:09 PM: INFO: ************* Home Page Title test is passed ************
11/25/2025 11:28:12 PM: INFO: ************* Verifying Login Test ************
11/25/2025 11:28:20 PM: INFO: ************* Login Test is passed ************
11/26/2025 07:35:32 PM: INFO: ************* Test_001_Login ************
11/26/2025 07:35:32 PM: INFO: ************* Verifying Home Page Title ************
11/26/2025 07:35:35 PM: INFO: ************* Home Page Title test is passed ************
11/26/2025 07:35:38 PM: INFO: ************* Verifying Login Test ************
11/26/2025 07:35:46 PM: INFO: ************* Login Test is passed ************
11/26/2025 07:36:18 PM: INFO: ************* Test_001_Login ************
11/26/2025 07:36:18 PM: INFO: ************* Verifying Home Page Title ************
11/26/2025 07:36:21 PM: INFO: ************* Home Page Title test is passed ************
11/26/2025 07:36:24 PM: INFO: ************* Verifying Login Test ************
11/26/2025 07:36:32 PM: INFO: ************* Login Test is passed ************
11/26/2025 07:36:43 PM: INFO: ************* Test_001_Login ************
11/26/2025 07:36:43 PM: INFO: ************* Verifying Home Page Title ************
11/26/2025 07:36:45 PM: INFO: ************* Home Page Title test is passed ************
11/26/2025 07:36:49 PM: INFO: ************* Verifying Login Test ************
11/26/2025 07:36:57 PM: INFO: ************* Login Test is passed ************
11/26/2025 07:38:14 PM: INFO: ************* Verifying Login Test ************
11/26/2025 07:38:17 PM: INFO: ************* Test_001_Login ************
11/26/2025 07:38:17 PM: INFO: ************* Verifying Home Page Title ************
11/26/2025 07:38:21 PM: INFO: ************* Home Page Title test is passed ************
11/26/2025 07:38:22 PM: INFO: ************* Login Test is passed ************
11/26/2025 08:04:27 PM: INFO: ************* Verifying Login Test ************
11/26/2025 08:04:31 PM: INFO: ************* Test_001_Login ************
11/26/2025 08:04:31 PM: INFO: ************* Verifying Home Page Title ************
11/26/2025 08:04:34 PM: INFO: ************* Home Page Title test is passed ************
11/26/2025 08:04:37 PM: INFO: ************* Login Test is passed ************
11/26/2025 11:15:08 PM: INFO: ************* Verifying Login Test ************
11/26/2025 11:15:12 PM: INFO: ************* Test_001_Login ************
11/26/2025 11:15:12 PM: INFO: ************* Verifying Home Page Title ************
11/26/2025 11:15:15 PM: INFO: ************* Home Page Title test is passed ************
11/26/2025 11:15:16 PM: INFO: ************* Login Test is passed ************
11/27/2025 12:11:20 AM: INFO: ************* Test_002_DDT_Login ************
11/27/2025 12:11:20 AM: INFO: ************* Verifying Login DDT Test ************
11/27/2025 12:12:42 AM: INFO: ************* Test_002_DDT_Login ************
11/27/2025 12:12:42 AM: INFO: ************* Verifying Login DDT Test ************
11/27/2025 12:14:12 AM: INFO: ************* Test_002_DDT_Login ************
11/27/2025 12:14:12 AM: INFO: ************* Verifying Login DDT Test ************
11/27/2025 12:14:20 AM: INFO: *** PASSED ***
11/27/2025 12:16:48 AM: INFO: ************* Test_002_DDT_Login ************
11/27/2025 12:16:48 AM: INFO: ************* Verifying Login DDT Test ************
11/27/2025 12:16:58 AM: INFO: *** PASSED ***
11/27/2025 10:03:59 PM: INFO: ************* Test_002_DDT_Login ************
11/27/2025 10:03:59 PM: INFO: ************* Verifying Login DDT Test ************
11/27/2025 10:04:09 PM: INFO: *** PASSED ***
11/27/2025 10:04:12 PM: INFO: *** PASSED ***
11/27/2025 10:04:12 PM: INFO: *** PASSED ***
11/27/2025 10:04:13 PM: INFO: *** PASSED ***
11/27/2025 10:04:13 PM: INFO: *** Login DDT Test Passed ***
11/27/2025 10:04:13 PM: INFO: *** End of Login DDT Test ***
11/27/2025 10:04:13 PM: INFO: *** Completed Test_002_DDT_Login ***
11/27/2025 10:07:46 PM: INFO: ************* Test_002_DDT_Login ************
11/27/2025 10:07:46 PM: INFO: ************* Verifying Login DDT Test ************
11/27/2025 10:07:54 PM: INFO: *** PASSED ***
11/27/2025 10:07:58 PM: INFO: *** PASSED ***
11/27/2025 10:07:58 PM: INFO: *** PASSED ***
11/27/2025 10:07:59 PM: INFO: *** PASSED ***
11/27/2025 10:07:59 PM: INFO: *** Login DDT Test Passed ***
11/27/2025 10:07:59 PM: INFO: *** End of Login DDT Test ***
11/27/2025 10:07:59 PM: INFO: *** Completed Test_002_DDT_Login ***
11/27/2025 10:21:22 PM: INFO: ************* Test_002_DDT_Login ************
11/27/2025 10:21:22 PM: INFO: ************* Verifying Login DDT Test ************
11/27/2025 10:21:24 PM: INFO: *** FAILED ***
11/27/2025 10:23:14 PM: INFO: ************* Verifying Login Test ************
11/27/2025 10:23:18 PM: INFO: ************* Test_001_Login ************
11/27/2025 10:23:18 PM: INFO: ************* Verifying Home Page Title ************
11/27/2025 10:23:20 PM: INFO: ************* Home Page Title test is passed ************
11/27/2025 10:23:22 PM: INFO: ************* Login Test is passed ************
11/27/2025 10:40:26 PM: INFO: ************* Test_002_DDT_Login ************
11/27/2025 10:40:26 PM: INFO: ************* Verifying Login DDT Test ************
11/27/2025 10:40:28 PM: INFO: *** FAILED ***
11/27/2025 10:40:57 PM: INFO: ************* Test_002_DDT_Login ************
11/27/2025 10:40:57 PM: INFO: ************* Verifying Login DDT Test ************
11/27/2025 10:41:01 PM: INFO: *** PASSED ***
11/27/2025 10:45:08 PM: INFO: ************* Test_002_DDT_Login ************
11/27/2025 10:45:08 PM: INFO: ************* Verifying Login DDT Test ************
11/27/2025 10:45:11 PM: INFO: *** FAILED ***
11/27/2025 10:45:45 PM: INFO: ************* Test_002_DDT_Login ************
11/27/2025 10:45:45 PM: INFO: ************* Verifying Login DDT Test ************
11/27/2025 10:45:47 PM: INFO: *** FAILED ***
11/27/2025 10:49:32 PM: INFO: ************* Test_002_DDT_Login ************
11/27/2025 10:49:32 PM: INFO: ************* Verifying Login DDT Test ************
11/27/2025 10:49:35 PM: INFO: *** FAILED ***
11/27/2025 10:52:00 PM: INFO: ************* Test_002_DDT_Login ************
11/27/2025 10:52:00 PM: INFO: ************* Verifying Login DDT Test ************
11/27/2025 10:52:12 PM: INFO: *** FAILED ***
11/27/2025 10:53:22 PM: INFO: ************* Test_002_DDT_Login ************
11/27/2025 10:53:22 PM: INFO: ************* Verifying Login DDT Test ************
11/27/2025 10:53:30 PM: INFO: *** PASSED ***
11/27/2025 10:53:57 PM: INFO: ************* Test_002_DDT_Login ************
11/27/2025 10:53:57 PM: INFO: ************* Verifying Login DDT Test ************
11/27/2025 10:54:04 PM: INFO: *** PASSED ***
11/27/2025 10:54:09 PM: INFO: *** PASSED ***
11/27/2025 10:54:12 PM: INFO: *** PASSED ***
11/27/2025 10:54:15 PM: INFO: *** PASSED ***
11/27/2025 10:54:17 PM: INFO: *** Login DDT Test Passed ***
11/27/2025 10:54:17 PM: INFO: *** End of Login DDT Test ***
11/27/2025 10:54:17 PM: INFO: *** Completed Test_002_DDT_Login ***
11/27/2025 10:55:29 PM: INFO: ************* Test_002_DDT_Login ************
11/27/2025 10:55:29 PM: INFO: ************* Verifying Login DDT Test ************
11/27/2025 10:55:36 PM: INFO: *** PASSED ***
11/27/2025 10:55:42 PM: INFO: *** PASSED ***
11/27/2025 10:55:45 PM: INFO: *** PASSED ***
11/27/2025 10:55:47 PM: INFO: *** PASSED ***
11/27/2025 10:55:49 PM: INFO: *** Login DDT Test Passed ***
11/27/2025 10:55:49 PM: INFO: *** End of Login DDT Test ***
11/27/2025 10:55:49 PM: INFO: *** Completed Test_002_DDT_Login ***
11/29/2025 11:14:57 PM: INFO: ***** Test_003_AddCustomer *****
11/29/2025 11:15:05 PM: INFO: ***** Login Successful *****
11/29/2025 11:15:05 PM: INFO: ***** Starting Add Customer Test *****
11/29/2025 11:15:07 PM: INFO: ***** Providing Customer Info *****
11/29/2025 11:18:00 PM: INFO: ***** Test_003_AddCustomer *****
11/29/2025 11:18:08 PM: INFO: ***** Login Successful *****
11/29/2025 11:18:08 PM: INFO: ***** Starting Add Customer Test *****
11/29/2025 11:18:10 PM: INFO: ***** Providing Customer Info *****
11/29/2025 11:20:34 PM: INFO: ***** Test_003_AddCustomer *****
11/29/2025 11:20:46 PM: INFO: ***** Login Successful *****
11/29/2025 11:20:46 PM: INFO: ***** Starting Add Customer Test *****
11/29/2025 11:20:49 PM: INFO: ***** Providing Customer Info *****
11/29/2025 11:30:19 PM: INFO: ***** Test_003_AddCustomer *****
11/29/2025 11:30:27 PM: INFO: ***** Login Successful *****
11/29/2025 11:30:27 PM: INFO: ***** Starting Add Customer Test *****
11/29/2025 11:30:29 PM: INFO: ***** Providing Customer Info *****
11/29/2025 11:39:46 PM: INFO: ***** Test_003_AddCustomer *****
11/29/2025 11:39:53 PM: INFO: ***** Login Successful *****
11/29/2025 11:39:53 PM: INFO: ***** Starting Add Customer Test *****
11/29/2025 11:39:56 PM: INFO: ***** Providing Customer Info *****
11/29/2025 11:44:38 PM: INFO: ***** Test_003_AddCustomer *****
11/29/2025 11:44:46 PM: INFO: ***** Login Successful *****
11/29/2025 11:44:46 PM: INFO: ***** Starting Add Customer Test *****
11/29/2025 11:44:49 PM: INFO: ***** Providing Customer Info *****
11/29/2025 11:51:09 PM: INFO: ***** Test_003_AddCustomer *****
11/29/2025 11:51:17 PM: INFO: ***** Login Successful *****
11/29/2025 11:51:17 PM: INFO: ***** Starting Add Customer Test *****
11/29/2025 11:51:20 PM: INFO: ***** Providing Customer Info *****
12/01/2025 09:49:03 PM: INFO: ***** Test_003_AddCustomer *****
12/01/2025 09:49:12 PM: INFO: ***** Login Successful *****
12/01/2025 09:49:12 PM: INFO: ***** Starting Add Customer Test *****
12/01/2025 09:49:14 PM: INFO: ***** Providing Customer Info *****
12/01/2025 09:50:15 PM: INFO: ***** Test_003_AddCustomer *****
12/01/2025 09:50:22 PM: INFO: ***** Login Successful *****
12/01/2025 09:50:22 PM: INFO: ***** Starting Add Customer Test *****
12/01/2025 09:50:25 PM: INFO: ***** Providing Customer Info *****
12/01/2025 09:51:18 PM: INFO: ***** Test_003_AddCustomer *****
12/01/2025 09:51:27 PM: INFO: ***** Login Successful *****
12/01/2025 09:51:27 PM: INFO: ***** Starting Add Customer Test *****
12/01/2025 09:51:30 PM: INFO: ***** Providing Customer Info *****
12/01/2025 09:52:31 PM: INFO: ***** Test_003_AddCustomer *****
12/01/2025 09:52:38 PM: INFO: ***** Login Successful *****
12/01/2025 09:52:38 PM: INFO: ***** Starting Add Customer Test *****
12/01/2025 09:52:40 PM: INFO: ***** Providing Customer Info *****
12/01/2025 09:54:26 PM: INFO: ***** Test_003_AddCustomer *****
12/01/2025 09:54:34 PM: INFO: ***** Login Successful *****
12/01/2025 09:54:34 PM: INFO: ***** Starting Add Customer Test *****
12/01/2025 09:54:36 PM: INFO: ***** Providing Customer Info *****
12/01/2025 09:57:11 PM: INFO: ***** Test_003_AddCustomer *****
12/01/2025 09:57:18 PM: INFO: ***** Login Successful *****
12/01/2025 09:57:18 PM: INFO: ***** Starting Add Customer Test *****
12/01/2025 09:57:21 PM: INFO: ***** Providing Customer Info *****
12/01/2025 09:57:29 PM: INFO: ***** Saving Customer Info *****
12/01/2025 09:57:29 PM: INFO: ***** Add Customer Validation Started *****
12/01/2025 09:57:30 PM: INFO: ***** Add Customer Test Passed *****
12/01/2025 09:59:34 PM: INFO: ***** Test_003_AddCustomer *****
12/01/2025 09:59:41 PM: INFO: ***** Login Successful *****
12/01/2025 09:59:41 PM: INFO: ***** Starting Add Customer Test *****
12/01/2025 09:59:44 PM: INFO: ***** Providing Customer Info *****
12/01/2025 10:00:57 PM: INFO: ***** Test_003_AddCustomer *****
12/01/2025 10:01:05 PM: INFO: ***** Login Successful *****
12/01/2025 10:01:05 PM: INFO: ***** Starting Add Customer Test *****
12/01/2025 10:01:08 PM: INFO: ***** Providing Customer Info *****
12/01/2025 10:01:14 PM: INFO: ***** Saving Customer Info *****
12/01/2025 10:01:14 PM: INFO: ***** Add Customer Validation Started *****
12/01/2025 10:01:14 PM: INFO: ***** Add Customer Test Passed *****
12/01/2025 10:01:45 PM: INFO: ***** Test_003_AddCustomer *****
12/01/2025 10:01:52 PM: INFO: ***** Login Successful *****
12/01/2025 10:01:52 PM: INFO: ***** Starting Add Customer Test *****
12/01/2025 10:01:55 PM: INFO: ***** Providing Customer Info *****
12/01/2025 10:12:50 PM: INFO: ***** Test_003_AddCustomer *****
12/01/2025 10:12:58 PM: INFO: ***** Login Successful *****
12/01/2025 10:12:58 PM: INFO: ***** Starting Add Customer Test *****
12/01/2025 10:13:00 PM: INFO: ***** Providing Customer Info *****
12/01/2025 10:13:06 PM: INFO: ***** Saving Customer Info *****
12/01/2025 10:13:06 PM: INFO: ***** Add Customer Validation Started *****
12/01/2025 10:13:07 PM: INFO: ***** Add Customer Test Passed *****
12/01/2025 10:13:25 PM: INFO: ***** Test_003_AddCustomer *****
12/01/2025 10:13:33 PM: INFO: ***** Login Successful *****
12/01/2025 10:13:33 PM: INFO: ***** Starting Add Customer Test *****
12/01/2025 10:13:35 PM: INFO: ***** Providing Customer Info *****
12/01/2025 10:13:42 PM: INFO: ***** Saving Customer Info *****
12/01/2025 10:13:42 PM: INFO: ***** Add Customer Validation Started *****
12/01/2025 10:13:43 PM: INFO: ***** Add Customer Test Passed *****
12/01/2025 10:14:49 PM: INFO: ***** Test_003_AddCustomer *****
12/01/2025 10:14:56 PM: INFO: ***** Login Successful *****
12/01/2025 10:14:56 PM: INFO: ***** Starting Add Customer Test *****
12/01/2025 10:15:22 PM: INFO: ***** Test_003_AddCustomer *****
12/01/2025 10:15:29 PM: INFO: ***** Login Successful *****
12/01/2025 10:15:29 PM: INFO: ***** Starting Add Customer Test *****
12/01/2025 10:15:31 PM: INFO: ***** Providing Customer Info *****
12/01/2025 10:15:39 PM: INFO: ***** Saving Customer Info *****
12/01/2025 10:15:39 PM: INFO: ***** Add Customer Validation Started *****
12/01/2025 10:15:40 PM: INFO: ***** Add Customer Test Passed *****
12/01/2025 10:16:56 PM: INFO: ***** Test_003_AddCustomer *****
12/01/2025 10:17:04 PM: INFO: ***** Login Successful *****
12/01/2025 10:17:04 PM: INFO: ***** Starting Add Customer Test *****
12/01/2025 10:17:07 PM: INFO: ***** Providing Customer Info *****
12/01/2025 10:17:17 PM: INFO: ***** Saving Customer Info *****
12/01/2025 10:17:17 PM: INFO: ***** Add Customer Validation Started *****
12/01/2025 10:17:17 PM: INFO: ***** Add Customer Test Passed *****
12/01/2025 10:17:56 PM: INFO: ***** Test_003_AddCustomer *****
12/01/2025 10:18:03 PM: INFO: ***** Login Successful *****
12/01/2025 10:18:03 PM: INFO: ***** Starting Add Customer Test *****
12/01/2025 10:18:06 PM: INFO: ***** Providing Customer Info *****
12/01/2025 10:19:24 PM: INFO: ***** Test_003_AddCustomer *****
12/01/2025 10:19:31 PM: INFO: ***** Login Successful *****
12/01/2025 10:19:31 PM: INFO: ***** Starting Add Customer Test *****
12/01/2025 10:19:34 PM: INFO: ***** Providing Customer Info *****
12/01/2025 10:19:41 PM: INFO: ***** Saving Customer Info *****
12/01/2025 10:19:41 PM: INFO: ***** Add Customer Validation Started *****
12/01/2025 10:19:42 PM: ERROR: ***** Add Customer Test Failed *****
12/01/2025 10:25:28 PM: INFO: ***** Test_003_AddCustomer *****
12/01/2025 10:25:36 PM: INFO: ***** Login Successful *****
12/01/2025 10:25:36 PM: INFO: ***** Starting Add Customer Test *****
12/01/2025 10:25:38 PM: INFO: ***** Providing Customer Info *****
12/01/2025 10:27:59 PM: INFO: ***** Test_003_AddCustomer *****
12/01/2025 10:28:06 PM: INFO: ***** Login Successful *****
12/01/2025 10:28:06 PM: INFO: ***** Starting Add Customer Test *****
12/01/2025 10:28:10 PM: INFO: ***** Providing Customer Info *****
12/01/2025 10:29:32 PM: INFO: ***** Test_003_AddCustomer *****
12/01/2025 10:29:48 PM: INFO: ***** Login Successful *****
12/01/2025 10:29:48 PM: INFO: ***** Starting Add Customer Test *****
12/01/2025 10:30:09 PM: INFO: ***** Test_003_AddCustomer *****
12/01/2025 10:30:17 PM: INFO: ***** Login Successful *****
12/01/2025 10:30:17 PM: INFO: ***** Starting Add Customer Test *****
12/01/2025 10:30:19 PM: INFO: ***** Providing Customer Info *****
12/01/2025 10:34:20 PM: INFO: ***** Test_003_AddCustomer *****
12/01/2025 10:34:28 PM: INFO: ***** Login Successful *****
12/01/2025 10:34:28 PM: INFO: ***** Starting Add Customer Test *****
12/01/2025 10:34:30 PM: INFO: ***** Providing Customer Info *****
12/01/2025 10:36:26 PM: INFO: ***** Test_003_AddCustomer *****
12/01/2025 10:36:33 PM: INFO: ***** Login Successful *****
12/01/2025 10:36:33 PM: INFO: ***** Starting Add Customer Test *****
12/01/2025 10:36:36 PM: INFO: ***** Providing Customer Info *****
12/02/2025 11:11:47 PM: INFO: ***** Test_003_AddCustomer *****
12/02/2025 11:11:55 PM: INFO: ***** Login Successful *****
12/02/2025 11:11:55 PM: INFO: ***** Starting Add Customer Test *****
12/02/2025 11:11:57 PM: INFO: ***** Providing Customer Info *****
12/02/2025 11:13:17 PM: INFO: ***** Test_003_AddCustomer *****
12/02/2025 11:13:24 PM: INFO: ***** Login Successful *****
12/02/2025 11:13:24 PM: INFO: ***** Starting Add Customer Test *****
12/02/2025 11:13:26 PM: INFO: ***** Providing Customer Info *****
12/02/2025 11:13:33 PM: INFO: ***** Saving Customer Info *****
12/02/2025 11:13:33 PM: INFO: ***** Add Customer Validation Started *****
12/02/2025 11:13:34 PM: INFO: ***** Add Customer Test Passed *****
12/03/2025 07:42:21 PM: INFO: ***** Test_003_AddCustomer *****
12/03/2025 07:42:28 PM: INFO: ***** Login Successful *****
12/03/2025 07:42:28 PM: INFO: ***** Starting Add Customer Test *****
12/03/2025 07:42:31 PM: INFO: ***** Providing Customer Info *****
12/03/2025 07:42:38 PM: INFO: ***** Saving Customer Info *****
12/03/2025 07:42:38 PM: INFO: ***** Add Customer Validation Started *****
12/03/2025 07:42:39 PM: INFO: ***** Add Customer Test Passed *****
12/03/2025 07:42:39 PM: INFO: ***** End of Test_003_AddCustomer *****
12/05/2025 08:45:17 PM: INFO: ***** Test_004_SearchCustomerByEmail *****
12/05/2025 08:45:25 PM: INFO: ***** Login Successful *****
12/05/2025 08:45:25 PM: INFO: ***** Starting Search Customer By Email Test *****
12/05/2025 08:45:27 PM: INFO: ***** Searching customer by email ID *****
12/05/2025 08:47:34 PM: INFO: ***** Test_004_SearchCustomerByEmail *****
12/05/2025 08:47:43 PM: INFO: ***** Login Successful *****
12/05/2025 08:47:43 PM: INFO: ***** Starting Search Customer By Email Test *****
12/05/2025 08:47:45 PM: INFO: ***** Searching customer by email ID *****
12/05/2025 08:51:28 PM: INFO: ***** Test_004_SearchCustomerByEmail *****
12/05/2025 08:51:35 PM: INFO: ***** Login Successful *****
12/05/2025 08:51:35 PM: INFO: ***** Starting Search Customer By Email Test *****
12/05/2025 08:51:38 PM: INFO: ***** Searching customer by email ID *****
12/05/2025 08:52:10 PM: INFO: ***** Test_004_SearchCustomerByEmail *****
12/05/2025 08:52:17 PM: INFO: ***** Login Successful *****
12/05/2025 08:52:17 PM: INFO: ***** Starting Search Customer By Email Test *****
12/05/2025 08:52:18 PM: INFO: ***** Searching customer by email ID *****
12/05/2025 08:53:41 PM: INFO: ***** Test_004_SearchCustomerByEmail *****
12/05/2025 08:53:49 PM: INFO: ***** Login Successful *****
12/05/2025 08:53:49 PM: INFO: ***** Starting Search Customer By Email Test *****
12/05/2025 08:53:50 PM: INFO: ***** Searching customer by email ID *****
12/05/2025 08:54:49 PM: INFO: ***** Test_004_SearchCustomerByEmail *****
12/05/2025 08:54:56 PM: INFO: ***** Login Successful *****
12/05/2025 08:54:56 PM: INFO: ***** Starting Search Customer By Email Test *****
12/05/2025 08:54:57 PM: INFO: ***** Searching customer by email ID *****
12/05/2025 08:55:03 PM: INFO: ***** Test_004_SearchCustomerByEmail Finished *****
12/05/2025 08:59:52 PM: INFO: ***** Test_SearchCustomerByName_005 *****
12/05/2025 08:59:59 PM: INFO: ***** Login Successful *****
12/05/2025 08:59:59 PM: INFO: ***** Starting Search Customer By Name Test *****
12/05/2025 09:00:05 PM: INFO: ***** Searching customer by Name *****
12/05/2025 09:00:06 PM: INFO: ***** Test_004_SearchCustomerByName Finished *****
12/05/2025 09:00:30 PM: INFO: ***** Test_SearchCustomerByName_005 *****
12/05/2025 09:00:38 PM: INFO: ***** Login Successful *****
12/05/2025 09:00:38 PM: INFO: ***** Starting Search Customer By Name Test *****
12/05/2025 09:00:39 PM: INFO: ***** Searching customer by Name *****
12/05/2025 09:00:41 PM: INFO: ***** Test_004_SearchCustomerByName Finished *****
12/07/2025 10:15:25 PM: INFO: ***** Test_003_AddCustomer *****
12/07/2025 10:15:32 PM: INFO: ***** Login Successful *****
12/07/2025 10:15:32 PM: INFO: ***** Starting Add Customer Test *****
12/07/2025 10:15:34 PM: INFO: ***** Providing Customer Info *****
12/07/2025 10:15:42 PM: INFO: ***** Saving Customer Info *****
12/07/2025 10:15:42 PM: INFO: ***** Add Customer Validation Started *****
12/07/2025 10:15:42 PM: INFO: ***** Add Customer Test Passed *****
12/07/2025 10:15:42 PM: INFO: ***** End of Test_003_AddCustomer *****
12/07/2025 10:15:45 PM: INFO: ************* Verifying Login Test ************
12/07/2025 10:15:53 PM: INFO: ************* Login Test is passed ************
12/07/2025 10:18:48 PM: INFO: ***** Test_003_AddCustomer *****
12/07/2025 10:18:56 PM: INFO: ***** Login Successful *****
12/07/2025 10:18:56 PM: INFO: ***** Starting Add Customer Test *****
12/07/2025 10:18:57 PM: INFO: ************* Verifying Login Test ************
12/07/2025 10:19:05 PM: INFO: ************* Login Test is passed ************
12/07/2025 10:19:36 PM: INFO: ***** Test_003_AddCustomer *****
12/07/2025 10:20:26 PM: INFO: ************* Verifying Login Test ************
12/07/2025 10:20:39 PM: INFO: ************* Login Test is passed ************
12/07/2025 10:20:45 PM: INFO: ***** Test_003_AddCustomer *****
12/07/2025 10:20:56 PM: INFO: ***** Login Successful *****
12/07/2025 10:20:56 PM: INFO: ***** Starting Add Customer Test *****
12/07/2025 10:21:01 PM: INFO: ***** Providing Customer Info *****
12/07/2025 10:21:03 PM: INFO: ************* Verifying Login Test ************
12/07/2025 10:21:25 PM: INFO: ************* Login Test is passed ************
12/07/2025 10:21:50 PM: INFO: ***** Test_003_AddCustomer *****
12/07/2025 10:22:02 PM: INFO: ***** Login Successful *****
12/07/2025 10:22:02 PM: INFO: ***** Starting Add Customer Test *****
12/07/2025 10:22:37 PM: INFO: ************* Test_001_Login ************
12/07/2025 10:22:37 PM: INFO: ************* Verifying Home Page Title ************
12/07/2025 10:22:39 PM: INFO: ************* Home Page Title test is passed ************
12/07/2025 10:22:42 PM: INFO: ************* Verifying Login Test ************
12/07/2025 10:22:49 PM: INFO: ************* Login Test is passed ************
12/07/2025 10:22:53 PM: INFO: ************* Test_002_DDT_Login ************
12/07/2025 10:22:53 PM: INFO: ************* Verifying Login DDT Test ************
12/07/2025 10:23:00 PM: INFO: *** PASSED ***
12/07/2025 10:23:05 PM: INFO: *** PASSED ***
12/07/2025 10:23:07 PM: INFO: *** PASSED ***
12/07/2025 10:23:10 PM: INFO: *** PASSED ***
12/07/2025 10:23:12 PM: INFO: *** Login DDT Test Passed ***
12/07/2025 10:23:12 PM: INFO: *** End of Login DDT Test ***
12/07/2025 10:23:12 PM: INFO: *** Completed Test_002_DDT_Login ***
12/07/2025 10:23:15 PM: INFO: ***** Test_004_SearchCustomerByEmail *****
12/07/2025 10:23:23 PM: INFO: ***** Login Successful *****
12/07/2025 10:23:23 PM: INFO: ***** Starting Search Customer By Email Test *****
12/07/2025 10:23:24 PM: INFO: ***** Searching customer by email ID *****
12/07/2025 10:23:27 PM: INFO: ***** Test_SearchCustomerByName_005 *****
12/07/2025 10:23:34 PM: INFO: ***** Login Successful *****
12/07/2025 10:23:34 PM: INFO: ***** Starting Search Customer By Name Test *****
12/07/2025 10:57:05 PM: INFO: ***** Test_003_AddCustomer *****
12/07/2025 10:57:19 PM: INFO: ***** Login Successful *****
12/07/2025 10:57:19 PM: INFO: ***** Starting Add Customer Test *****
12/07/2025 10:57:20 PM: INFO: ************* Verifying Login Test ************
12/07/2025 10:57:49 PM: INFO: ************* Login Test is passed ************
12/07/2025 10:57:52 PM: INFO: ***** Test_003_AddCustomer *****
12/07/2025 10:58:00 PM: INFO: ***** Login Successful *****
12/07/2025 10:58:00 PM: INFO: ***** Starting Add Customer Test *****
12/07/2025 10:58:02 PM: INFO: ************* Verifying Login Test ************
12/07/2025 10:58:11 PM: INFO: ************* Login Test is passed ************
12/07/2025 11:01:04 PM: INFO: ***** Test_003_AddCustomer *****
12/07/2025 11:01:20 PM: INFO: ***** Login Successful *****
12/07/2025 11:01:20 PM: INFO: ***** Starting Add Customer Test *****
12/07/2025 11:01:22 PM: INFO: ************* Verifying Login Test ************
12/07/2025 11:01:30 PM: INFO: ************* Login Test is passed ************
12/07/2025 11:01:58 PM: INFO: ************* Test_001_Login ************
12/07/2025 11:01:58 PM: INFO: ************* Verifying Home Page Title ************
12/07/2025 11:02:00 PM: INFO: ************* Home Page Title test is passed ************
12/07/2025 11:02:04 PM: INFO: ************* Verifying Login Test ************
12/07/2025 11:03:55 PM: INFO: ************* Test_001_Login ************
12/07/2025 11:03:55 PM: INFO: ************* Verifying Home Page Title ************
12/07/2025 11:04:00 PM: INFO: ************* Home Page Title test is passed ************
12/07/2025 11:04:03 PM: INFO: ************* Verifying Login Test ************
12/07/2025 11:04:18 PM: INFO: ************* Test_002_DDT_Login ************
12/07/2025 11:04:18 PM: INFO: ************* Verifying Login DDT Test ************
12/07/2025 11:04:34 PM: INFO: *** PASSED ***
12/07/2025 11:04:38 PM: INFO: *** PASSED ***
12/07/2025 11:04:41 PM: INFO: *** PASSED ***
12/07/2025 11:04:44 PM: INFO: *** PASSED ***
12/07/2025 11:04:46 PM: INFO: *** Login DDT Test Passed ***
12/07/2025 11:04:46 PM: INFO: *** End of Login DDT Test ***
12/07/2025 11:04:46 PM: INFO: *** Completed Test_002_DDT_Login ***
12/07/2025 11:04:49 PM: INFO: ***** Test_004_SearchCustomerByEmail *****
